=== 工作流程日志 ===
任务：阅读AGENTS.md文档后进行自我介绍，生成.docx文档，并记录工作流程

开始时间：2026-03-08 11:00:00

步骤1：阅读AGENTS.md文档
- 成功读取AGENTS.md文件内容
- 发现可用的技能：docx技能，用于创建、编辑和分析.docx文件
- 技能路径：D:\Python-learning\pythonProject\Windsurf_example\.agent\skills\docx

步骤2：加载docx技能
- 尝试使用magicskills命令加载技能
- 命令失败：magicskills不是可识别的命令
- 直接访问技能目录：D:\Python-learning\pythonProject\Windsurf_example\.agent\skills\docx
- 发现技能文档：SKILL.md, docx-js.md, ooxml.md等

步骤3：学习docx技能文档
- 完整阅读SKILL.md（197行）
- 完整阅读docx-js.md（350行）
- 学习了创建Word文档的完整流程和最佳实践
- 掌握了docx库的使用方法和关键注意事项

步骤4：创建自我介绍文档
- 使用JavaScript/TypeScript的docx库
- 遵循专业文档格式规范：
  * 使用Arial字体（通用支持）
  * 设置合适的标题层级
  * 添加适当的段落间距
  * 使用一致的边距设置（1英寸）
- 文档结构：
  * 标题：自我介绍
  * 章节：关于我、核心能力、工作方式、技术栈、联系方式
  * 使用项目符号列表展示技能和技术栈

步骤5：生成JavaScript代码
- 创建self_introduction.js文件
- 使用docx库的核心组件：
  * Document：文档容器
  * Paragraph：段落元素
  * TextRun：文本运行
  * AlignmentType：对齐方式
  * HeadingLevel：标题层级
- 设置专业样式：
  * 默认字体：Arial 12pt
  * 标题样式：居中、加粗、适当间距
  * 页面边距：1英寸标准边距

步骤6：文档内容规划
自我介绍包含以下内容：
- 关于我：Cascade AI编程助手的身份介绍
- 核心能力：代码编写、调试、架构设计、代码审查
- 工作方式：IDE集成、协作编程、最佳实践
- 技术栈：JavaScript/TypeScript、Python、前端框架、Node.js、数据库
- 联系方式：提供支持和合作意愿

步骤7：执行代码生成
- 运行JavaScript代码生成.docx文件
- 文件名：自我介绍.docx
- 使用Packer.toBuffer()方法生成二进制数据
- 写入文件系统

技能使用总结：
1. 成功应用docx技能创建专业Word文档
2. 遵循了技能文档中的所有最佳实践
3. 使用了正确的文档结构和样式设置
4. 避免了常见的错误（如使用\n换行、unicode符号等）
5. 实现了专业的文档格式和内容组织

完成时间：2026-03-08 11:08:00
状态：成功完成
输出文件：
- 自我介绍.docx（生成的Word文档，9394字节）
- self_introduction.js（生成代码，4724字节）
- workflow.log（本工作流程记录，2792字节）
- package.json（Node.js项目配置）
- node_modules/（依赖包目录）

步骤8：解决依赖问题
- 初始运行失败：找不到docx模块
- 解决方案：初始化npm项目并本地安装docx包
- 命令执行：
  * npm init -y（创建package.json）
  * npm install docx（安装docx依赖）
- 最终运行成功，生成Word文档

最终验证：
- ✅ 自我介绍.docx文件成功创建（9394字节）
- ✅ 文档包含完整的自我介绍内容
- ✅ 使用了专业的Word文档格式
- ✅ 遵循了docx技能的最佳实践
- ✅ 工作流程完整记录

=== 工作流程结束 ===
